[2021-06-19 05:28:45] local.ERROR: Tenant could not be identified on domain 133 {"exception":"[object] (Stancl\\Tenancy\\Exceptions\\TenantCouldNotBeIdentifiedOnDomainException(code: 0): Tenant could not be identified on domain 133 at /home/vimi2/public_html/133/vendor/stancl/tenancy/src/Resolvers/DomainTenantResolver.php:40)
[stacktrace]
#0 /home/vimi2/public_html/133/vendor/stancl/tenancy/src/Resolvers/Contracts/CachedTenantResolver.php(34): Stancl\\Tenancy\\Resolvers\\DomainTenantResolver->resolveWithoutCache('133')
#1 /home/vimi2/public_html/133/vendor/stancl/tenancy/src/Middleware/IdentificationMiddleware.php(26): Stancl\\Tenancy\\Resolvers\\Contracts\\CachedTenantResolver->resolve('133')
#2 /home/vimi2/public_html/133/vendor/stancl/tenancy/src/Middleware/InitializeTenancyBySubdomain.php(52): Stancl\\Tenancy\\Middleware\\IdentificationMiddleware->initializeTenancy(Object(Illuminate\\Http\\Request), Object(Closure), '133')
#3 /home/vimi2/public_html/133/vendor/laravel/framework/src/Illuminate/Pipeline/Pipeline.php(167): Stancl\\Tenancy\\Middleware\\InitializeTenancyBySubdomain->handle(Object(Illuminate\\Http\\Request), Object(Closure))
#4 /home/vimi2/public_html/133/vendor/stancl/tenancy/src/Middleware/PreventAccessFromCentralDomains.php(29): Illuminate\\Pipeline\\Pipeline->Illuminate\\Pipeline\\{closure}(Object(Illuminate\\Http\\Request))
#5 /home/vimi2/public_html/133/vendor/laravel/framework/src/Illuminate/Pipeline/Pipeline.php(167): Stancl\\Tenancy\\Middleware\\PreventAccessFromCentralDomains->handle(Object(Illuminate\\Http\\Request), Object(Closure))
#6 /home/vimi2/public_html/133/vendor/laravel/framework/src/Illuminate/Cookie/Middleware/AddQueuedCookiesToResponse.php(37): Illuminate\\Pipeline\\Pipeline->Illuminate\\Pipeline\\{closure}(Object(Illuminate\\Http\\Request))
#7 /home/vimi2/public_html/133/vendor/laravel/framework/src/Illuminate/Pipeline/Pipeline.php(167): Illuminate\\Cookie\\Middleware\\AddQueuedCookiesToResponse->handle(Object(Illuminate\\Http\\Request), Object(Closure))
#8 /home/vimi2/public_html/133/vendor/laravel/framework/src/Illuminate/Cookie/Middleware/EncryptCookies.php(66): Illuminate\\Pipeline\\Pipeline->Illuminate\\Pipeline\\{closure}(Object(Illuminate\\Http\\Request))
#9 /home/vimi2/public_html/133/vendor/laravel/framework/src/Illuminate/Pipeline/Pipeline.php(167): Illuminate\\Cookie\\Middleware\\EncryptCookies->handle(Object(Illuminate\\Http\\Request), Object(Closure))
#10 /home/vimi2/public_html/133/vendor/laravel/framework/src/Illuminate/Pipeline/Pipeline.php(103): Illuminate\\Pipeline\\Pipeline->Illuminate\\Pipeline\\{closure}(Object(Illuminate\\Http\\Request))
#11 /home/vimi2/public_html/133/vendor/laravel/framework/src/Illuminate/Routing/Router.php(687): Illuminate\\Pipeline\\Pipeline->then(Object(Closure))
#12 /home/vimi2/public_html/133/vendor/laravel/framework/src/Illuminate/Routing/Router.php(662): Illuminate\\Routing\\Router->runRouteWithinStack(Object(Illuminate\\Routing\\Route), Object(Illuminate\\Http\\Request))
#13 /home/vimi2/public_html/133/vendor/laravel/framework/src/Illuminate/Routing/Router.php(628): Illuminate\\Routing\\Router->runRoute(Object(Illuminate\\Http\\Request), Object(Illuminate\\Routing\\Route))
#14 /home/vimi2/public_html/133/vendor/laravel/framework/src/Illuminate/Routing/Router.php(617): Illuminate\\Routing\\Router->dispatchToRoute(Object(Illuminate\\Http\\Request))
#15 /home/vimi2/public_html/133/vendor/laravel/framework/src/Illuminate/Foundation/Http/Kernel.php(165): Illuminate\\Routing\\Router->dispatch(Object(Illuminate\\Http\\Request))
#16 /home/vimi2/public_html/133/vendor/laravel/framework/src/Illuminate/Pipeline/Pipeline.php(128): Illuminate\\Foundation\\Http\\Kernel->Illuminate\\Foundation\\Http\\{closure}(Object(Illuminate\\Http\\Request))
#17 /home/vimi2/public_html/133/vendor/litespeed/lscache-laravel/src/LSCacheMiddleware.php(21): Illuminate\\Pipeline\\Pipeline->Illuminate\\Pipeline\\{closure}(Object(Illuminate\\Http\\Request))
#18 /home/vimi2/public_html/133/vendor/laravel/framework/src/Illuminate/Pipeline/Pipeline.php(167): Litespeed\\LSCache\\LSCacheMiddleware->handle(Object(Illuminate\\Http\\Request), Object(Closure))
#19 /home/vimi2/public_html/133/vendor/barryvdh/laravel-debugbar/src/Middleware/InjectDebugbar.php(58): Illuminate\\Pipeline\\Pipeline->Illuminate\\Pipeline\\{closure}(Object(Illuminate\\Http\\Request))
#20 /home/vimi2/public_html/133/vendor/laravel/framework/src/Illuminate/Pipeline/Pipeline.php(167): Barryvdh\\Debugbar\\Middleware\\InjectDebugbar->handle(Object(Illuminate\\Http\\Request), Object(Closure))
#21 /home/vimi2/public_html/133/vendor/fideloper/proxy/src/TrustProxies.php(57): Illuminate\\Pipeline\\Pipeline->Illuminate\\Pipeline\\{closure}(Object(Illuminate\\Http\\Request))
#22 /home/vimi2/public_html/133/vendor/laravel/framework/src/Illuminate/Pipeline/Pipeline.php(167): Fideloper\\Proxy\\TrustProxies->handle(Object(Illuminate\\Http\\Request), Object(Closure))
#23 /home/vimi2/public_html/133/vendor/laravel/framework/src/Illuminate/Foundation/Http/Middleware/TransformsRequest.php(21): Illuminate\\Pipeline\\Pipeline->Illuminate\\Pipeline\\{closure}(Object(Illuminate\\Http\\Request))
#24 /home/vimi2/public_html/133/vendor/laravel/framework/src/Illuminate/Pipeline/Pipeline.php(167): Illuminate\\Foundation\\Http\\Middleware\\TransformsRequest->handle(Object(Illuminate\\Http\\Request), Object(Closure))
#25 /home/vimi2/public_html/133/vendor/laravel/framework/src/Illuminate/Foundation/Http/Middleware/TransformsRequest.php(21): Illuminate\\Pipeline\\Pipeline->Illuminate\\Pipeline\\{closure}(Object(Illuminate\\Http\\Request))
#26 /home/vimi2/public_html/133/vendor/laravel/framework/src/Illuminate/Pipeline/Pipeline.php(167): Illuminate\\Foundation\\Http\\Middleware\\TransformsRequest->handle(Object(Illuminate\\Http\\Request), Object(Closure))
#27 /home/vimi2/public_html/133/vendor/laravel/framework/src/Illuminate/Foundation/Http/Middleware/ValidatePostSize.php(27): Illuminate\\Pipeline\\Pipeline->Illuminate\\Pipeline\\{closure}(Object(Illuminate\\Http\\Request))
#28 /home/vimi2/public_html/133/vendor/laravel/framework/src/Illuminate/Pipeline/Pipeline.php(167): Illuminate\\Foundation\\Http\\Middleware\\ValidatePostSize->handle(Object(Illuminate\\Http\\Request), Object(Closure))
#29 /home/vimi2/public_html/133/vendor/laravel/framework/src/Illuminate/Foundation/Http/Middleware/CheckForMaintenanceMode.php(63): Illuminate\\Pipeline\\Pipeline->Illuminate\\Pipeline\\{closure}(Object(Illuminate\\Http\\Request))
#30 /home/vimi2/public_html/133/vendor/laravel/framework/src/Illuminate/Pipeline/Pipeline.php(167): Illuminate\\Foundation\\Http\\Middleware\\CheckForMaintenanceMode->handle(Object(Illuminate\\Http\\Request), Object(Closure))
#31 /home/vimi2/public_html/133/vendor/laravel/framework/src/Illuminate/Pipeline/Pipeline.php(103): Illuminate\\Pipeline\\Pipeline->Illuminate\\Pipeline\\{closure}(Object(Illuminate\\Http\\Request))
#32 /home/vimi2/public_html/133/vendor/laravel/framework/src/Illuminate/Foundation/Http/Kernel.php(140): Illuminate\\Pipeline\\Pipeline->then(Object(Closure))
#33 /home/vimi2/public_html/133/vendor/laravel/framework/src/Illuminate/Foundation/Http/Kernel.php(109): Illuminate\\Foundation\\Http\\Kernel->sendRequestThroughRouter(Object(Illuminate\\Http\\Request))
#34 /home/vimi2/public_html/133/public/index.php(53): Illuminate\\Foundation\\Http\\Kernel->handle(Object(Illuminate\\Http\\Request))
#35 /home/vimi2/public_html/133/index.php(21): require_once('/home/vimi2/pub...')
#36 {main}
"} 
